2018-04-16 15:30:37,551 - Log4JLogChute initialized using file 'velocity.log'
2018-04-16 15:30:37,552 - Initializing Velocity, Calling init()...
2018-04-16 15:30:37,552 - Starting Apache Velocity v1.7 (compiled: 2010-11-19 12:14:37)
2018-04-16 15:30:37,552 - Default Properties File: org\apache\velocity\runtime\defaults\velocity.properties
2018-04-16 15:30:37,552 - Trying to use logger class org.apache.velocity.runtime.log.AvalonLogChute
2018-04-16 15:30:37,552 - Target log system for org.apache.velocity.runtime.log.AvalonLogChute is not available (java.lang.NoClassDefFoundError: org/apache/log/format/Formatter).  Falling back to next log system...
2018-04-16 15:30:37,552 - Trying to use logger class org.apache.velocity.runtime.log.Log4JLogChute
2018-04-16 15:30:37,557 - Using logger class org.apache.velocity.runtime.log.Log4JLogChute
2018-04-16 15:30:37,568 - ResourceLoader instantiated: org.apache.velocity.runtime.resource.loader.ClasspathResourceLoader
2018-04-16 15:30:37,602 - ResourceCache: initialized (class org.apache.velocity.runtime.resource.ResourceCacheImpl) with class java.util.Collections$SynchronizedMap cache map.
2018-04-16 15:30:37,604 - Loaded System Directive: org.apache.velocity.runtime.directive.Stop
2018-04-16 15:30:37,609 - Loaded System Directive: org.apache.velocity.runtime.directive.Define
2018-04-16 15:30:37,611 - Loaded System Directive: org.apache.velocity.runtime.directive.Break
2018-04-16 15:30:37,613 - Loaded System Directive: org.apache.velocity.runtime.directive.Evaluate
2018-04-16 15:30:37,615 - Loaded System Directive: org.apache.velocity.runtime.directive.Literal
2018-04-16 15:30:37,619 - Loaded System Directive: org.apache.velocity.runtime.directive.Macro
2018-04-16 15:30:37,622 - Loaded System Directive: org.apache.velocity.runtime.directive.Parse
2018-04-16 15:30:37,624 - Loaded System Directive: org.apache.velocity.runtime.directive.Include
2018-04-16 15:30:37,627 - Loaded System Directive: org.apache.velocity.runtime.directive.Foreach
2018-04-16 15:30:37,690 - Created '20' parsers.
2018-04-16 15:30:37,706 - Velocimacro : "velocimacro.library" is not set.  Trying default library: VM_global_library.vm
2018-04-16 15:30:37,712 - Could not load resource 'VM_global_library.vm' from ResourceLoader org.apache.velocity.runtime.resource.loader.ClasspathResourceLoader: ClasspathResourceLoader Error: cannot find resource VM_global_library.vm
2018-04-16 15:30:37,712 - Velocimacro : Default library not found.
2018-04-16 15:30:37,712 - Velocimacro : allowInline = true : VMs can be defined inline in templates
2018-04-16 15:30:37,712 - Velocimacro : allowInlineToOverride = false : VMs defined inline may NOT replace previous VM definitions
2018-04-16 15:30:37,712 - Velocimacro : allowInlineLocal = false : VMs defined inline will be global in scope if allowed.
2018-04-16 15:30:37,712 - Velocimacro : autoload off : VM system will not automatically reload global library macros
2018-04-16 15:30:37,760 - ResourceManager : found /templates/entity.java.vm with loader org.apache.velocity.runtime.resource.loader.ClasspathResourceLoader
2018-04-16 15:30:37,775 - Left side (${versionFieldName}) of '==' operation has null value. If it is a reference, it may not be in the context or its toString() returned null. /templates/entity.java.vm[line 76, column 26]
2018-04-16 15:30:37,775 - Left side (${logicDeleteFieldName}) of '==' operation has null value. If it is a reference, it may not be in the context or its toString() returned null. /templates/entity.java.vm[line 80, column 30]
2018-04-16 15:30:37,776 - Left side (${versionFieldName}) of '==' operation has null value. If it is a reference, it may not be in the context or its toString() returned null. /templates/entity.java.vm[line 76, column 26]
2018-04-16 15:30:37,776 - Left side (${logicDeleteFieldName}) of '==' operation has null value. If it is a reference, it may not be in the context or its toString() returned null. /templates/entity.java.vm[line 80, column 30]
2018-04-16 15:30:37,776 - Left side (${versionFieldName}) of '==' operation has null value. If it is a reference, it may not be in the context or its toString() returned null. /templates/entity.java.vm[line 76, column 26]
2018-04-16 15:30:37,776 - Left side (${logicDeleteFieldName}) of '==' operation has null value. If it is a reference, it may not be in the context or its toString() returned null. /templates/entity.java.vm[line 80, column 30]
2018-04-16 15:30:37,776 - Left side (${versionFieldName}) of '==' operation has null value. If it is a reference, it may not be in the context or its toString() returned null. /templates/entity.java.vm[line 76, column 26]
2018-04-16 15:30:37,776 - Left side (${logicDeleteFieldName}) of '==' operation has null value. If it is a reference, it may not be in the context or its toString() returned null. /templates/entity.java.vm[line 80, column 30]
2018-04-16 15:30:37,777 - Left side (${versionFieldName}) of '==' operation has null value. If it is a reference, it may not be in the context or its toString() returned null. /templates/entity.java.vm[line 76, column 26]
2018-04-16 15:30:37,777 - Left side (${logicDeleteFieldName}) of '==' operation has null value. If it is a reference, it may not be in the context or its toString() returned null. /templates/entity.java.vm[line 80, column 30]
2018-04-16 15:30:37,777 - Left side (${versionFieldName}) of '==' operation has null value. If it is a reference, it may not be in the context or its toString() returned null. /templates/entity.java.vm[line 76, column 26]
2018-04-16 15:30:37,777 - Left side (${logicDeleteFieldName}) of '==' operation has null value. If it is a reference, it may not be in the context or its toString() returned null. /templates/entity.java.vm[line 80, column 30]
2018-04-16 15:30:37,777 - Left side (${versionFieldName}) of '==' operation has null value. If it is a reference, it may not be in the context or its toString() returned null. /templates/entity.java.vm[line 76, column 26]
2018-04-16 15:30:37,778 - Left side (${logicDeleteFieldName}) of '==' operation has null value. If it is a reference, it may not be in the context or its toString() returned null. /templates/entity.java.vm[line 80, column 30]
2018-04-16 15:30:37,778 - Left side (${versionFieldName}) of '==' operation has null value. If it is a reference, it may not be in the context or its toString() returned null. /templates/entity.java.vm[line 76, column 26]
2018-04-16 15:30:37,779 - Left side (${logicDeleteFieldName}) of '==' operation has null value. If it is a reference, it may not be in the context or its toString() returned null. /templates/entity.java.vm[line 80, column 30]
2018-04-16 15:30:37,779 - Left side (${versionFieldName}) of '==' operation has null value. If it is a reference, it may not be in the context or its toString() returned null. /templates/entity.java.vm[line 76, column 26]
2018-04-16 15:30:37,779 - Left side (${logicDeleteFieldName}) of '==' operation has null value. If it is a reference, it may not be in the context or its toString() returned null. /templates/entity.java.vm[line 80, column 30]
2018-04-16 15:30:37,779 - Left side (${versionFieldName}) of '==' operation has null value. If it is a reference, it may not be in the context or its toString() returned null. /templates/entity.java.vm[line 76, column 26]
2018-04-16 15:30:37,780 - Left side (${logicDeleteFieldName}) of '==' operation has null value. If it is a reference, it may not be in the context or its toString() returned null. /templates/entity.java.vm[line 80, column 30]
2018-04-16 15:30:37,780 - Left side (${versionFieldName}) of '==' operation has null value. If it is a reference, it may not be in the context or its toString() returned null. /templates/entity.java.vm[line 76, column 26]
2018-04-16 15:30:37,780 - Left side (${logicDeleteFieldName}) of '==' operation has null value. If it is a reference, it may not be in the context or its toString() returned null. /templates/entity.java.vm[line 80, column 30]
2018-04-16 15:30:37,780 - Left side (${versionFieldName}) of '==' operation has null value. If it is a reference, it may not be in the context or its toString() returned null. /templates/entity.java.vm[line 76, column 26]
2018-04-16 15:30:37,780 - Left side (${logicDeleteFieldName}) of '==' operation has null value. If it is a reference, it may not be in the context or its toString() returned null. /templates/entity.java.vm[line 80, column 30]
2018-04-16 15:30:37,781 - Left side (${versionFieldName}) of '==' operation has null value. If it is a reference, it may not be in the context or its toString() returned null. /templates/entity.java.vm[line 76, column 26]
2018-04-16 15:30:37,781 - Left side (${logicDeleteFieldName}) of '==' operation has null value. If it is a reference, it may not be in the context or its toString() returned null. /templates/entity.java.vm[line 80, column 30]
2018-04-16 15:30:37,781 - Left side (${versionFieldName}) of '==' operation has null value. If it is a reference, it may not be in the context or its toString() returned null. /templates/entity.java.vm[line 76, column 26]
2018-04-16 15:30:37,781 - Left side (${logicDeleteFieldName}) of '==' operation has null value. If it is a reference, it may not be in the context or its toString() returned null. /templates/entity.java.vm[line 80, column 30]
2018-04-16 15:30:37,781 - Left side (${versionFieldName}) of '==' operation has null value. If it is a reference, it may not be in the context or its toString() returned null. /templates/entity.java.vm[line 76, column 26]
2018-04-16 15:30:37,781 - Left side (${logicDeleteFieldName}) of '==' operation has null value. If it is a reference, it may not be in the context or its toString() returned null. /templates/entity.java.vm[line 80, column 30]
2018-04-16 15:30:37,782 - Left side (${versionFieldName}) of '==' operation has null value. If it is a reference, it may not be in the context or its toString() returned null. /templates/entity.java.vm[line 76, column 26]
2018-04-16 15:30:37,782 - Left side (${logicDeleteFieldName}) of '==' operation has null value. If it is a reference, it may not be in the context or its toString() returned null. /templates/entity.java.vm[line 80, column 30]
2018-04-16 15:30:37,783 - Left side (${versionFieldName}) of '==' operation has null value. If it is a reference, it may not be in the context or its toString() returned null. /templates/entity.java.vm[line 76, column 26]
2018-04-16 15:30:37,783 - Left side (${logicDeleteFieldName}) of '==' operation has null value. If it is a reference, it may not be in the context or its toString() returned null. /templates/entity.java.vm[line 80, column 30]
2018-04-16 15:30:37,784 - Left side (${versionFieldName}) of '==' operation has null value. If it is a reference, it may not be in the context or its toString() returned null. /templates/entity.java.vm[line 76, column 26]
2018-04-16 15:30:37,784 - Left side (${logicDeleteFieldName}) of '==' operation has null value. If it is a reference, it may not be in the context or its toString() returned null. /templates/entity.java.vm[line 80, column 30]
2018-04-16 15:30:37,797 - ResourceManager : found /templates/mapper.java.vm with loader org.apache.velocity.runtime.resource.loader.ClasspathResourceLoader
2018-04-16 15:30:37,808 - ResourceManager : found /templates/mapper.xml.vm with loader org.apache.velocity.runtime.resource.loader.ClasspathResourceLoader
2018-04-16 15:30:37,814 - ResourceManager : found /templates/service.java.vm with loader org.apache.velocity.runtime.resource.loader.ClasspathResourceLoader
2018-04-16 15:30:37,820 - ResourceManager : found /templates/serviceImpl.java.vm with loader org.apache.velocity.runtime.resource.loader.ClasspathResourceLoader
2018-04-16 15:30:37,826 - ResourceManager : found /templates/controller.java.vm with loader org.apache.velocity.runtime.resource.loader.ClasspathResourceLoader
2018-04-16 15:44:02,368 - Log4JLogChute initialized using file 'velocity.log'
2018-04-16 15:44:02,369 - Initializing Velocity, Calling init()...
2018-04-16 15:44:02,369 - Starting Apache Velocity v1.7 (compiled: 2010-11-19 12:14:37)
2018-04-16 15:44:02,369 - Default Properties File: org\apache\velocity\runtime\defaults\velocity.properties
2018-04-16 15:44:02,369 - Trying to use logger class org.apache.velocity.runtime.log.AvalonLogChute
2018-04-16 15:44:02,370 - Target log system for org.apache.velocity.runtime.log.AvalonLogChute is not available (java.lang.NoClassDefFoundError: org/apache/log/format/Formatter).  Falling back to next log system...
2018-04-16 15:44:02,370 - Trying to use logger class org.apache.velocity.runtime.log.Log4JLogChute
2018-04-16 15:44:02,370 - Using logger class org.apache.velocity.runtime.log.Log4JLogChute
2018-04-16 15:44:02,382 - ResourceLoader instantiated: org.apache.velocity.runtime.resource.loader.ClasspathResourceLoader
2018-04-16 15:44:02,420 - ResourceCache: initialized (class org.apache.velocity.runtime.resource.ResourceCacheImpl) with class java.util.Collections$SynchronizedMap cache map.
2018-04-16 15:44:02,425 - Loaded System Directive: org.apache.velocity.runtime.directive.Stop
2018-04-16 15:44:02,427 - Loaded System Directive: org.apache.velocity.runtime.directive.Define
2018-04-16 15:44:02,432 - Loaded System Directive: org.apache.velocity.runtime.directive.Break
2018-04-16 15:44:02,435 - Loaded System Directive: org.apache.velocity.runtime.directive.Evaluate
2018-04-16 15:44:02,437 - Loaded System Directive: org.apache.velocity.runtime.directive.Literal
2018-04-16 15:44:02,440 - Loaded System Directive: org.apache.velocity.runtime.directive.Macro
2018-04-16 15:44:02,443 - Loaded System Directive: org.apache.velocity.runtime.directive.Parse
2018-04-16 15:44:02,449 - Loaded System Directive: org.apache.velocity.runtime.directive.Include
2018-04-16 15:44:02,452 - Loaded System Directive: org.apache.velocity.runtime.directive.Foreach
2018-04-16 15:44:02,516 - Created '20' parsers.
2018-04-16 15:44:02,533 - Velocimacro : "velocimacro.library" is not set.  Trying default library: VM_global_library.vm
2018-04-16 15:44:02,539 - Could not load resource 'VM_global_library.vm' from ResourceLoader org.apache.velocity.runtime.resource.loader.ClasspathResourceLoader: ClasspathResourceLoader Error: cannot find resource VM_global_library.vm
2018-04-16 15:44:02,539 - Velocimacro : Default library not found.
2018-04-16 15:44:02,539 - Velocimacro : allowInline = true : VMs can be defined inline in templates
2018-04-16 15:44:02,539 - Velocimacro : allowInlineToOverride = false : VMs defined inline may NOT replace previous VM definitions
2018-04-16 15:44:02,539 - Velocimacro : allowInlineLocal = false : VMs defined inline will be global in scope if allowed.
2018-04-16 15:44:02,540 - Velocimacro : autoload off : VM system will not automatically reload global library macros
2018-04-16 15:44:02,629 - ResourceManager : found /templates/entity.java.vm with loader org.apache.velocity.runtime.resource.loader.ClasspathResourceLoader
2018-04-16 15:44:02,650 - Left side (${versionFieldName}) of '==' operation has null value. If it is a reference, it may not be in the context or its toString() returned null. /templates/entity.java.vm[line 76, column 26]
2018-04-16 15:44:02,650 - Left side (${logicDeleteFieldName}) of '==' operation has null value. If it is a reference, it may not be in the context or its toString() returned null. /templates/entity.java.vm[line 80, column 30]
2018-04-16 15:44:02,651 - Left side (${versionFieldName}) of '==' operation has null value. If it is a reference, it may not be in the context or its toString() returned null. /templates/entity.java.vm[line 76, column 26]
2018-04-16 15:44:02,651 - Left side (${logicDeleteFieldName}) of '==' operation has null value. If it is a reference, it may not be in the context or its toString() returned null. /templates/entity.java.vm[line 80, column 30]
2018-04-16 15:44:02,651 - Left side (${versionFieldName}) of '==' operation has null value. If it is a reference, it may not be in the context or its toString() returned null. /templates/entity.java.vm[line 76, column 26]
2018-04-16 15:44:02,651 - Left side (${logicDeleteFieldName}) of '==' operation has null value. If it is a reference, it may not be in the context or its toString() returned null. /templates/entity.java.vm[line 80, column 30]
2018-04-16 15:44:02,651 - Left side (${versionFieldName}) of '==' operation has null value. If it is a reference, it may not be in the context or its toString() returned null. /templates/entity.java.vm[line 76, column 26]
2018-04-16 15:44:02,651 - Left side (${logicDeleteFieldName}) of '==' operation has null value. If it is a reference, it may not be in the context or its toString() returned null. /templates/entity.java.vm[line 80, column 30]
2018-04-16 15:44:02,652 - Left side (${versionFieldName}) of '==' operation has null value. If it is a reference, it may not be in the context or its toString() returned null. /templates/entity.java.vm[line 76, column 26]
2018-04-16 15:44:02,652 - Left side (${logicDeleteFieldName}) of '==' operation has null value. If it is a reference, it may not be in the context or its toString() returned null. /templates/entity.java.vm[line 80, column 30]
2018-04-16 15:44:02,652 - Left side (${versionFieldName}) of '==' operation has null value. If it is a reference, it may not be in the context or its toString() returned null. /templates/entity.java.vm[line 76, column 26]
2018-04-16 15:44:02,652 - Left side (${logicDeleteFieldName}) of '==' operation has null value. If it is a reference, it may not be in the context or its toString() returned null. /templates/entity.java.vm[line 80, column 30]
2018-04-16 15:44:02,652 - Left side (${versionFieldName}) of '==' operation has null value. If it is a reference, it may not be in the context or its toString() returned null. /templates/entity.java.vm[line 76, column 26]
2018-04-16 15:44:02,652 - Left side (${logicDeleteFieldName}) of '==' operation has null value. If it is a reference, it may not be in the context or its toString() returned null. /templates/entity.java.vm[line 80, column 30]
2018-04-16 15:44:02,665 - ResourceManager : found /templates/mapper.java.vm with loader org.apache.velocity.runtime.resource.loader.ClasspathResourceLoader
2018-04-16 15:44:02,674 - ResourceManager : found /templates/mapper.xml.vm with loader org.apache.velocity.runtime.resource.loader.ClasspathResourceLoader
2018-04-16 15:44:02,685 - ResourceManager : found /templates/service.java.vm with loader org.apache.velocity.runtime.resource.loader.ClasspathResourceLoader
2018-04-16 15:44:02,690 - ResourceManager : found /templates/serviceImpl.java.vm with loader org.apache.velocity.runtime.resource.loader.ClasspathResourceLoader
2018-04-16 15:44:02,697 - ResourceManager : found /templates/controller.java.vm with loader org.apache.velocity.runtime.resource.loader.ClasspathResourceLoader
2018-04-23 23:01:02,099 - Log4JLogChute initialized using file 'velocity.log'
2018-04-23 23:01:02,101 - Initializing Velocity, Calling init()...
2018-04-23 23:01:02,101 - Starting Apache Velocity v1.7 (compiled: 2010-11-19 12:14:37)
2018-04-23 23:01:02,102 - Default Properties File: org\apache\velocity\runtime\defaults\velocity.properties
2018-04-23 23:01:02,102 - Trying to use logger class org.apache.velocity.runtime.log.AvalonLogChute
2018-04-23 23:01:02,102 - Target log system for org.apache.velocity.runtime.log.AvalonLogChute is not available (java.lang.NoClassDefFoundError: org/apache/log/format/Formatter).  Falling back to next log system...
2018-04-23 23:01:02,102 - Trying to use logger class org.apache.velocity.runtime.log.Log4JLogChute
2018-04-23 23:01:02,102 - Using logger class org.apache.velocity.runtime.log.Log4JLogChute
2018-04-23 23:01:02,114 - ResourceLoader instantiated: org.apache.velocity.runtime.resource.loader.ClasspathResourceLoader
2018-04-23 23:01:02,203 - ResourceCache: initialized (class org.apache.velocity.runtime.resource.ResourceCacheImpl) with class java.util.Collections$SynchronizedMap cache map.
2018-04-23 23:01:02,208 - Loaded System Directive: org.apache.velocity.runtime.directive.Stop
2018-04-23 23:01:02,211 - Loaded System Directive: org.apache.velocity.runtime.directive.Define
2018-04-23 23:01:02,214 - Loaded System Directive: org.apache.velocity.runtime.directive.Break
2018-04-23 23:01:02,218 - Loaded System Directive: org.apache.velocity.runtime.directive.Evaluate
2018-04-23 23:01:02,220 - Loaded System Directive: org.apache.velocity.runtime.directive.Literal
2018-04-23 23:01:02,224 - Loaded System Directive: org.apache.velocity.runtime.directive.Macro
2018-04-23 23:01:02,227 - Loaded System Directive: org.apache.velocity.runtime.directive.Parse
2018-04-23 23:01:02,231 - Loaded System Directive: org.apache.velocity.runtime.directive.Include
2018-04-23 23:01:02,234 - Loaded System Directive: org.apache.velocity.runtime.directive.Foreach
2018-04-23 23:01:02,305 - Created '20' parsers.
2018-04-23 23:01:02,319 - Velocimacro : "velocimacro.library" is not set.  Trying default library: VM_global_library.vm
2018-04-23 23:01:02,324 - Could not load resource 'VM_global_library.vm' from ResourceLoader org.apache.velocity.runtime.resource.loader.ClasspathResourceLoader: ClasspathResourceLoader Error: cannot find resource VM_global_library.vm
2018-04-23 23:01:02,324 - Velocimacro : Default library not found.
2018-04-23 23:01:02,324 - Velocimacro : allowInline = true : VMs can be defined inline in templates
2018-04-23 23:01:02,325 - Velocimacro : allowInlineToOverride = false : VMs defined inline may NOT replace previous VM definitions
2018-04-23 23:01:02,325 - Velocimacro : allowInlineLocal = false : VMs defined inline will be global in scope if allowed.
2018-04-23 23:01:02,325 - Velocimacro : autoload off : VM system will not automatically reload global library macros
2018-04-23 23:01:02,379 - ResourceManager : found /templates/entity.java.vm with loader org.apache.velocity.runtime.resource.loader.ClasspathResourceLoader
2018-04-23 23:01:02,399 - Left side (${versionFieldName}) of '==' operation has null value. If it is a reference, it may not be in the context or its toString() returned null. /templates/entity.java.vm[line 76, column 26]
2018-04-23 23:01:02,399 - Left side (${logicDeleteFieldName}) of '==' operation has null value. If it is a reference, it may not be in the context or its toString() returned null. /templates/entity.java.vm[line 80, column 30]
2018-04-23 23:01:02,399 - Left side (${versionFieldName}) of '==' operation has null value. If it is a reference, it may not be in the context or its toString() returned null. /templates/entity.java.vm[line 76, column 26]
2018-04-23 23:01:02,400 - Left side (${logicDeleteFieldName}) of '==' operation has null value. If it is a reference, it may not be in the context or its toString() returned null. /templates/entity.java.vm[line 80, column 30]
2018-04-23 23:01:02,400 - Left side (${versionFieldName}) of '==' operation has null value. If it is a reference, it may not be in the context or its toString() returned null. /templates/entity.java.vm[line 76, column 26]
2018-04-23 23:01:02,400 - Left side (${logicDeleteFieldName}) of '==' operation has null value. If it is a reference, it may not be in the context or its toString() returned null. /templates/entity.java.vm[line 80, column 30]
2018-04-23 23:01:02,400 - Left side (${versionFieldName}) of '==' operation has null value. If it is a reference, it may not be in the context or its toString() returned null. /templates/entity.java.vm[line 76, column 26]
2018-04-23 23:01:02,400 - Left side (${logicDeleteFieldName}) of '==' operation has null value. If it is a reference, it may not be in the context or its toString() returned null. /templates/entity.java.vm[line 80, column 30]
2018-04-23 23:01:02,401 - Left side (${versionFieldName}) of '==' operation has null value. If it is a reference, it may not be in the context or its toString() returned null. /templates/entity.java.vm[line 76, column 26]
2018-04-23 23:01:02,401 - Left side (${logicDeleteFieldName}) of '==' operation has null value. If it is a reference, it may not be in the context or its toString() returned null. /templates/entity.java.vm[line 80, column 30]
2018-04-23 23:01:02,401 - Left side (${versionFieldName}) of '==' operation has null value. If it is a reference, it may not be in the context or its toString() returned null. /templates/entity.java.vm[line 76, column 26]
2018-04-23 23:01:02,401 - Left side (${logicDeleteFieldName}) of '==' operation has null value. If it is a reference, it may not be in the context or its toString() returned null. /templates/entity.java.vm[line 80, column 30]
2018-04-23 23:01:02,401 - Left side (${versionFieldName}) of '==' operation has null value. If it is a reference, it may not be in the context or its toString() returned null. /templates/entity.java.vm[line 76, column 26]
2018-04-23 23:01:02,401 - Left side (${logicDeleteFieldName}) of '==' operation has null value. If it is a reference, it may not be in the context or its toString() returned null. /templates/entity.java.vm[line 80, column 30]
2018-04-23 23:01:02,402 - Left side (${versionFieldName}) of '==' operation has null value. If it is a reference, it may not be in the context or its toString() returned null. /templates/entity.java.vm[line 76, column 26]
2018-04-23 23:01:02,402 - Left side (${logicDeleteFieldName}) of '==' operation has null value. If it is a reference, it may not be in the context or its toString() returned null. /templates/entity.java.vm[line 80, column 30]
2018-04-23 23:01:02,402 - Left side (${versionFieldName}) of '==' operation has null value. If it is a reference, it may not be in the context or its toString() returned null. /templates/entity.java.vm[line 76, column 26]
2018-04-23 23:01:02,402 - Left side (${logicDeleteFieldName}) of '==' operation has null value. If it is a reference, it may not be in the context or its toString() returned null. /templates/entity.java.vm[line 80, column 30]
2018-04-23 23:01:02,403 - Left side (${versionFieldName}) of '==' operation has null value. If it is a reference, it may not be in the context or its toString() returned null. /templates/entity.java.vm[line 76, column 26]
2018-04-23 23:01:02,403 - Left side (${logicDeleteFieldName}) of '==' operation has null value. If it is a reference, it may not be in the context or its toString() returned null. /templates/entity.java.vm[line 80, column 30]
2018-04-23 23:01:02,451 - ResourceManager : found /templates/mapper.java.vm with loader org.apache.velocity.runtime.resource.loader.ClasspathResourceLoader
2018-04-23 23:01:02,459 - ResourceManager : found /templates/mapper.xml.vm with loader org.apache.velocity.runtime.resource.loader.ClasspathResourceLoader
2018-04-23 23:01:02,467 - ResourceManager : found /templates/service.java.vm with loader org.apache.velocity.runtime.resource.loader.ClasspathResourceLoader
2018-04-23 23:01:02,477 - ResourceManager : found /templates/serviceImpl.java.vm with loader org.apache.velocity.runtime.resource.loader.ClasspathResourceLoader
2018-04-23 23:01:02,528 - ResourceManager : found /templates/controller.java.vm with loader org.apache.velocity.runtime.resource.loader.ClasspathResourceLoader
